0 info it worked if it ends with ok
1 verbose cli [ '/Users/skycheung/.nvm/versions/node/v6.9.1/bin/node',
1 verbose cli   '/Users/skycheung/.nvm/versions/node/v6.9.1/bin/npm',
1 verbose cli   'run',
1 verbose cli   'mock' ]
2 info using npm@3.10.8
3 info using node@v6.9.1
4 verbose run-script [ 'premock', 'mock', 'postmock' ]
5 info lifecycle pc_17@1.0.0~premock: pc_17@1.0.0
6 silly lifecycle pc_17@1.0.0~premock: no script for premock, continuing
7 info lifecycle pc_17@1.0.0~mock: pc_17@1.0.0
8 verbose lifecycle pc_17@1.0.0~mock: unsafe-perm in lifecycle true
9 verbose lifecycle pc_17@1.0.0~mock: PATH: /Users/skycheung/.nvm/versions/node/v6.9.1/lib/node_modules/npm/bin/node-gyp-bin:/Users/skycheung/Code/swzl_ecjtu_net/pc_17/node_modules/.bin:/Users/skycheung/.nvm/versions/node/v6.9.1/lib/node_modules/npm/bin/node-gyp-bin:/Users/skycheung/Code/swzl_ecjtu_net/pc_17/node_modules/.bin:/Users/skycheung/.nvm/versions/node/v6.9.1/bin:/usr/local/bin:/usr/bin:/bin:/usr/sbin:/sbin:/Library/Frameworks/Mono.framework/Versions/Current/Commands:/Applications/Wireshark.app/Contents/MacOS
10 verbose lifecycle pc_17@1.0.0~mock: CWD: /Users/skycheung/Code/swzl_ecjtu_net/pc_17
11 silly lifecycle pc_17@1.0.0~mock: Args: [ '-c', 'json-server --watch mock/mock.json --port 9090' ]
12 silly lifecycle pc_17@1.0.0~mock: Returned: code: 1  signal: null
13 info lifecycle pc_17@1.0.0~mock: Failed to exec mock script
14 verbose stack Error: pc_17@1.0.0 mock: `json-server --watch mock/mock.json --port 9090`
14 verbose stack Exit status 1
14 verbose stack     at EventEmitter.<anonymous> (/Users/skycheung/.nvm/versions/node/v6.9.1/lib/node_modules/npm/lib/utils/lifecycle.js:255:16)
14 verbose stack     at emitTwo (events.js:106:13)
14 verbose stack     at EventEmitter.emit (events.js:191:7)
14 verbose stack     at ChildProcess.<anonymous> (/Users/skycheung/.nvm/versions/node/v6.9.1/lib/node_modules/npm/lib/utils/spawn.js:40:14)
14 verbose stack     at emitTwo (events.js:106:13)
14 verbose stack     at ChildProcess.emit (events.js:191:7)
14 verbose stack     at maybeClose (internal/child_process.js:877:16)
14 verbose stack     at Process.ChildProcess._handle.onexit (internal/child_process.js:226:5)
15 verbose pkgid pc_17@1.0.0
16 verbose cwd /Users/skycheung/Code/swzl_ecjtu_net/pc_17
17 error Darwin 16.4.0
18 error argv "/Users/skycheung/.nvm/versions/node/v6.9.1/bin/node" "/Users/skycheung/.nvm/versions/node/v6.9.1/bin/npm" "run" "mock"
19 error node v6.9.1
20 error npm  v3.10.8
21 error code ELIFECYCLE
22 error pc_17@1.0.0 mock: `json-server --watch mock/mock.json --port 9090`
22 error Exit status 1
23 error Failed at the pc_17@1.0.0 mock script 'json-server --watch mock/mock.json --port 9090'.
23 error Make sure you have the latest version of node.js and npm installed.
23 error If you do, this is most likely a problem with the pc_17 package,
23 error not with npm itself.
23 error Tell the author that this fails on your system:
23 error     json-server --watch mock/mock.json --port 9090
23 error You can get information on how to open an issue for this project with:
23 error     npm bugs pc_17
23 error Or if that isn't available, you can get their info via:
23 error     npm owner ls pc_17
23 error There is likely additional logging output above.
24 verbose exit [ 1, true ]
